  Generate moc_predefs.h
  Rcc'ing resource.qrc...
  Moc'ing FramelessHelper.h...
  Moc'ing SARibbonApplicationButton.h...
  Moc'ing SARibbonBar.h...
  Moc'ing SARibbonButtonGroupWidget.h...
  Moc'ing SARibbonCategory.h...
  Moc'ing SARibbonCheckBox.h...
  Moc'ing SARibbonComboBox.h...
  Moc'ing SARibbonContextCategory.h...
  Moc'ing SARibbonControlButton.h...
  Moc'ing SARibbonCtrlContainer.h...
  Moc'ing SARibbonGallery.h...
  Moc'ing SARibbonGalleryGroup.h...
  Moc'ing SARibbonLineEdit.h...
  Moc'ing SARibbonMainWindow.h...
  Moc'ing SARibbonMenu.h...
  Moc'ing SARibbonPannel.h...
  Moc'ing SARibbonPannelOptionButton.h...
  Moc'ing SARibbonQuickAccessBar.h...
  Moc'ing SARibbonSeparatorWidget.h...
  Moc'ing SARibbonStackedWidget.h...
  Moc'ing SARibbonTabBar.h...
  Moc'ing SARibbonToolButton.h...
  Moc'ing SAWindowButtonGroup.h...
  FramelessHelper.cpp
  SARibbonApplicationButton.cpp
  SARibbonBar.cpp
  SARibbonButtonGroupWidget.cpp
  SARibbonCategory.cpp
  SARibbonCategoryLayout.cpp
  SARibbonCheckBox.cpp
  SARibbonComboBox.cpp
  SARibbonContextCategory.cpp
  SARibbonControlButton.cpp
  SARibbonCtrlContainer.cpp
  SARibbonDrawHelper.cpp
  SARibbonElementCreateDelegate.cpp
  SARibbonElementManager.cpp
  SARibbonGallery.cpp
  SARibbonGalleryGroup.cpp
  SARibbonGalleryItem.cpp
  SARibbonLineEdit.cpp
  SARibbonMainWindow.cpp
  SARibbonMenu.cpp
  SARibbonPannel.cpp
  SARibbonPannelOptionButton.cpp
  SARibbonQuickAccessBar.cpp
e:\work\test-fushion\saribbon\src\saribbonbar\saribbonmainwindow.cpp(322): warning C4100: “theme”: 未引用的形参
  SARibbonSeparatorWidget.cpp
  SARibbonStackedWidget.cpp
  SARibbonTabBar.cpp
  SARibbonToolButton.cpp
  SAWindowButtonGroup.cpp
  qrc_resource.cpp
  moc_FramelessHelper.cpp
  moc_SARibbonApplicationButton.cpp
  moc_SARibbonBar.cpp
  moc_SARibbonButtonGroupWidget.cpp
  moc_SARibbonCategory.cpp
  moc_SARibbonCheckBox.cpp
  moc_SARibbonComboBox.cpp
  moc_SARibbonContextCategory.cpp
  moc_SARibbonControlButton.cpp
  moc_SARibbonCtrlContainer.cpp
  moc_SARibbonGallery.cpp
  moc_SARibbonGalleryGroup.cpp
  moc_SARibbonLineEdit.cpp
  moc_SARibbonMainWindow.cpp
  moc_SARibbonMenu.cpp
  moc_SARibbonPannel.cpp
  moc_SARibbonPannelOptionButton.cpp
  moc_SARibbonQuickAccessBar.cpp
  moc_SARibbonSeparatorWidget.cpp
  moc_SARibbonStackedWidget.cpp
  moc_SARibbonTabBar.cpp
  moc_SARibbonToolButton.cpp
  moc_SAWindowButtonGroup.cpp
    正在创建库 ..\..\bin_qt5.9.8_debug\\SARibbonBar.lib 和对象 ..\..\bin_qt5.9.8_debug\\SARibbonBar.exp
  SARibbonBar.vcxproj -> E:\Work\Test-fushion\SARibbon\src\SARibbonBar\..\..\bin_qt5.9.8_debug\SARibbonBar.dll
